07-18 18:05:33 com_github_MitjaNemec_PlaceFootprints.action_place_footprints 647:Plugin executed on: 'win32'
07-18 18:05:33 com_github_MitjaNemec_PlaceFootprints.action_place_footprints 648:Plugin executed with python version: '3.11.5 (main, Apr  9 2024, 02:53:56) [MSC v.1936 64 bit (AMD64)]'
07-18 18:05:33 com_github_MitjaNemec_PlaceFootprints.action_place_footprints 649:KiCad build version: 8.0.2
07-18 18:05:33 com_github_MitjaNemec_PlaceFootprints.action_place_footprints 650:Plugin version: 3.0.0
07-18 18:05:33 com_github_MitjaNemec_PlaceFootprints.action_place_footprints 651:Frame repr: <wx._core.Frame object at 0x000002E6C19724D0>
07-18 18:05:33 com_github_MitjaNemec_PlaceFootprints.place_footprints 121:getting a list of all footprints on board
07-18 18:05:33 com_github_MitjaNemec_PlaceFootprints.place_footprints 156:Footprint R11 on root level
07-18 18:05:33 com_github_MitjaNemec_PlaceFootprints.place_footprints 156:Footprint R10 on root level
07-18 18:05:33 com_github_MitjaNemec_PlaceFootprints.place_footprints 156:Footprint D6 on root level
07-18 18:05:33 com_github_MitjaNemec_PlaceFootprints.place_footprints 156:Footprint D5 on root level
07-18 18:05:33 com_github_MitjaNemec_PlaceFootprints.place_footprints 156:Footprint F1 on root level
07-18 18:05:33 com_github_MitjaNemec_PlaceFootprints.place_footprints 156:Footprint BatIn1 on root level
07-18 18:05:33 com_github_MitjaNemec_PlaceFootprints.place_footprints 156:Footprint D3 on root level
07-18 18:05:33 com_github_MitjaNemec_PlaceFootprints.place_footprints 156:Footprint C9 on root level
07-18 18:05:33 com_github_MitjaNemec_PlaceFootprints.place_footprints 156:Footprint D2 on root level
07-18 18:05:33 com_github_MitjaNemec_PlaceFootprints.place_footprints 156:Footprint BatOut4 on root level
07-18 18:05:33 com_github_MitjaNemec_PlaceFootprints.place_footprints 156:Footprint U3 on root level
07-18 18:05:33 com_github_MitjaNemec_PlaceFootprints.place_footprints 156:Footprint SW2 on root level
07-18 18:05:33 com_github_MitjaNemec_PlaceFootprints.place_footprints 156:Footprint M1 on root level
07-18 18:05:33 com_github_MitjaNemec_PlaceFootprints.place_footprints 156:Footprint M3 on root level
07-18 18:05:33 com_github_MitjaNemec_PlaceFootprints.place_footprints 156:Footprint C4 on root level
07-18 18:05:33 com_github_MitjaNemec_PlaceFootprints.place_footprints 156:Footprint C3 on root level
07-18 18:05:33 com_github_MitjaNemec_PlaceFootprints.place_footprints 156:Footprint C10 on root level
07-18 18:05:33 com_github_MitjaNemec_PlaceFootprints.place_footprints 156:Footprint R3 on root level
07-18 18:05:33 com_github_MitjaNemec_PlaceFootprints.place_footprints 156:Footprint U1 on root level
07-18 18:05:33 com_github_MitjaNemec_PlaceFootprints.place_footprints 156:Footprint SW1 on root level
07-18 18:05:33 com_github_MitjaNemec_PlaceFootprints.place_footprints 156:Footprint BatOut5 on root level
07-18 18:05:33 com_github_MitjaNemec_PlaceFootprints.place_footprints 156:Footprint R1 on root level
07-18 18:05:33 com_github_MitjaNemec_PlaceFootprints.place_footprints 156:Footprint R7 on root level
07-18 18:05:33 com_github_MitjaNemec_PlaceFootprints.place_footprints 156:Footprint J1 on root level
07-18 18:05:33 com_github_MitjaNemec_PlaceFootprints.place_footprints 156:Footprint C7 on root level
07-18 18:05:33 com_github_MitjaNemec_PlaceFootprints.place_footprints 156:Footprint R4 on root level
07-18 18:05:33 com_github_MitjaNemec_PlaceFootprints.place_footprints 156:Footprint CanOut1 on root level
07-18 18:05:33 com_github_MitjaNemec_PlaceFootprints.place_footprints 156:Footprint BatOut1 on root level
07-18 18:05:33 com_github_MitjaNemec_PlaceFootprints.place_footprints 156:Footprint M2 on root level
07-18 18:05:33 com_github_MitjaNemec_PlaceFootprints.place_footprints 156:Footprint R6 on root level
07-18 18:05:33 com_github_MitjaNemec_PlaceFootprints.place_footprints 156:Footprint C1 on root level
07-18 18:05:33 com_github_MitjaNemec_PlaceFootprints.place_footprints 156:Footprint BatOut2 on root level
07-18 18:05:33 com_github_MitjaNemec_PlaceFootprints.place_footprints 156:Footprint C8 on root level
07-18 18:05:33 com_github_MitjaNemec_PlaceFootprints.place_footprints 156:Footprint C5 on root level
07-18 18:05:33 com_github_MitjaNemec_PlaceFootprints.place_footprints 156:Footprint I2COut1 on root level
07-18 18:05:33 com_github_MitjaNemec_PlaceFootprints.place_footprints 156:Footprint R8 on root level
07-18 18:05:33 com_github_MitjaNemec_PlaceFootprints.place_footprints 156:Footprint R5 on root level
07-18 18:05:33 com_github_MitjaNemec_PlaceFootprints.place_footprints 156:Footprint R2 on root level
07-18 18:05:33 com_github_MitjaNemec_PlaceFootprints.place_footprints 156:Footprint CanOut2 on root level
07-18 18:05:33 com_github_MitjaNemec_PlaceFootprints.place_footprints 156:Footprint D4 on root level
07-18 18:05:33 com_github_MitjaNemec_PlaceFootprints.place_footprints 156:Footprint Programming1 on root level
07-18 18:05:33 com_github_MitjaNemec_PlaceFootprints.place_footprints 156:Footprint BatOut3 on root level
07-18 18:05:33 com_github_MitjaNemec_PlaceFootprints.place_footprints 156:Footprint CanArmOut1 on root level
07-18 18:05:33 com_github_MitjaNemec_PlaceFootprints.place_footprints 156:Footprint U2 on root level
07-18 18:05:33 com_github_MitjaNemec_PlaceFootprints.place_footprints 156:Footprint C6 on root level
07-18 18:05:33 com_github_MitjaNemec_PlaceFootprints.place_footprints 156:Footprint C2 on root level
07-18 18:05:33 com_github_MitjaNemec_PlaceFootprints.place_footprints 156:Footprint D1 on root level
07-18 18:05:33 com_github_MitjaNemec_PlaceFootprints.place_footprints 156:Footprint CanIn1 on root level
07-18 18:05:33 com_github_MitjaNemec_PlaceFootprints.place_footprints 156:Footprint R9 on root level
07-18 18:05:38 com_github_MitjaNemec_PlaceFootprints.action_place_footprints 830:Reference designator is: D
07-18 18:05:38 com_github_MitjaNemec_PlaceFootprints.action_place_footprints 831:Reference number is: 1
07-18 18:05:38 com_github_MitjaNemec_PlaceFootprints.action_place_footprints 863:Sorted and filtered list:
['D1', 'D2', 'D3', 'D4', 'D5', 'D6']
07-18 18:05:38 com_github_MitjaNemec_PlaceFootprints.action_place_footprints 359:wx.Colour(240, 240, 240, 255)
07-18 18:05:56 com_github_MitjaNemec_PlaceFootprints.action_place_footprints 490:'2'
07-18 18:06:03 com_github_MitjaNemec_PlaceFootprints.action_place_footprints 490:'2'
07-18 18:06:03 com_github_MitjaNemec_PlaceFootprints.action_place_footprints 536:Preparing config for reference linear
07-18 18:06:03 com_github_MitjaNemec_PlaceFootprints.action_place_footprints 556:Saving config file
07-18 18:06:03 com_github_MitjaNemec_PlaceFootprints.action_place_footprints 558:Saved the config file
07-18 18:06:03 com_github_MitjaNemec_PlaceFootprints.action_place_footprints 901:Footprints to place:
['D6']
07-18 18:06:03 com_github_MitjaNemec_PlaceFootprints.place_footprints 367:Starting placing with linear layout
07-18 18:06:03 com_github_MitjaNemec_PlaceFootprints.action_place_footprints 945:Fatal error when executing place footprints
Traceback (most recent call last):
  File "C:\Users\Brend\Documents\KiCad\8.0\3rdparty\plugins\com_github_MitjaNemec_PlaceFootprints\action_place_footprints.py", line 940, in Run
    placer.place_linear(footprints_to_place, ref_fp_ref, step_x, step_y, step, rotation,
  File "C:\Users\Brend\Documents\KiCad\8.0\3rdparty\plugins\com_github_MitjaNemec_PlaceFootprints\place_footprints.py", line 377, in place_linear
    ref_fp_index = footprints.index(ref_fp)
                   ^^^^^^^^^^^^^^^^^^^^^^^^
ValueError: Footprint(ref='D1', fp=<pcbnew.FOOTPRINT; proxy of <Swig Object of type 'FOOTPRINT *' at 0x000002E6D371C480> >, fp_id='224D8CBE-AB19-474B-8726-CE99CBCA9904', sheet_id=[], filename=[]) is not in list
